<?xml version="1.0" encoding="UTF-8"?>
<!-- Generated by org.testng.reporters.JUnitReportReporter -->
<testsuite hostname="MAHFUJ-1B5SPLO" failures="0" tests="2" name="kl22020.Config" time="0.918" errors="0" timestamp="2020-06-21T22:24:15 EDT" skipped="0">
  <testcase classname="kl22020.Config" name="signinFBTest" time="0.395"/>
  <system-out/>
  <testcase classname="kl22020.Config" name="signupFBTest" time="0.523"/>
  <system-out/>
</testsuite> <!-- kl22020.Config -->
