<?xml version="1.0" encoding="UTF-8"?>
<!-- Generated by org.testng.reporters.JUnitReportReporter -->
<testsuite hostname="MAHFUJ-1B5SPLO" failures="0" tests="1" name="kl22020.WindowsHandler" time="29.005" errors="0" timestamp="2020-06-14T23:29:58 EDT" skipped="0">
  <testcase classname="kl22020.WindowsHandler" name="openBrowser" time="29.005"/>
  <system-out/>
</testsuite> <!-- kl22020.WindowsHandler -->
