<?xml version="1.0" encoding="UTF-8"?>
<!-- Generated by org.testng.reporters.JUnitReportReporter -->
<testsuite hostname="MAHFUJ-1B5SPLO" failures="0" tests="2" name="kl22020.Config" time="4.424" errors="0" timestamp="2020-06-23T18:48:44 EDT" skipped="0">
  <testcase classname="kl22020.Config" name="signinFBTest" time="0.338"/>
  <system-out/>
  <testcase classname="kl22020.Config" name="signupFBTest" time="4.086"/>
  <system-out/>
</testsuite> <!-- kl22020.Config -->
