<?xml version="1.0" encoding="UTF-8"?>
<!-- Generated by org.testng.reporters.JUnitReportReporter -->
<testsuite hostname="MAHFUJ-1B5SPLO" failures="0" tests="1" name="kl22020.Kl2Test" time="5.652" errors="0" timestamp="2020-06-14T17:33:28 EDT" skipped="0">
  <testcase classname="kl22020.Kl2Test" name="openBrowser" time="5.652"/>
  <system-out/>
</testsuite> <!-- kl22020.Kl2Test -->
